{"message":"Salam","level":"info","service":"user-service"}
{"message":"Salam","level":"info","service":"user-service"}
{"message":"Salam","level":"info","service":"user-service"}
{"message":"Salam","level":"info","service":"user-service"}
{"message":"Salam","level":"info","service":"user-service"}
{"message":"Salam","level":"info","service":"user-service"}
{"message":"Salam","level":"info","service":"user-service"}
{"message":"Salam","level":"info","service":"user-service"}
{"message":"","level":"info","service":"user-service"}
{"level":"info","service":"user-service","message":"Salam"}
{"level":"info","service":"user-service","message":"Salam"}
{"level":"info","service":"test","message":"Salam"}
{"level":"info","message":"Server Started","service":"Index.ts"}
{"level":"info","message":"Server Started","service":"Index.ts"}
{"level":"info","message":"Server Started","service":"Index.ts"}
{"level":"info","message":"Server Started","service":"Index.ts"}
{"level":"info","message":"Server Started","service":"Index.ts"}
{"level":"info","message":"Server Started","service":"Index.ts"}
{"level":"error","message":"Server Started","service":"Index.ts"}
{"level":"info","message":"Server Started","service":"Index.ts"}
{"level":"info","message":"Server Started","service":"Index.ts"}
{"message":"Server Started","level":"info","service":"Index.ts"}
{"message":"Server Started","level":"info","service":"Index.ts"}
{"message":"Server Started","level":"info","service":"Index.ts"}
{"message":"Server Started","level":"info","service":"Index.ts"}
{"message":"Server Started","level":"info","service":"Index.ts"}
{"message":"Server Started","level":"info","service":"Index.ts"}
{"message":"Server Started","level":"info","service":"Index.ts"}
{"message":"Server Started","level":"info","service":"Index.ts"}
{"message":"Server Started","level":"info","service":"Index.ts"}
{"message":"Server Started","level":"info","service":"Index.ts"}
{"message":"Server Started","level":"info","service":"Index.ts"}
{"message":"Server Started","level":"info","service":"Index.ts"}
{"message":"Server Started","level":"info","service":"Index.ts"}
{"message":"Server Started","level":"info","service":"Index.ts"}
