::1 - GET / HTTP/1.1 304 - - 1.710 ms
::1 - GET / HTTP/1.1 304 - - 8.220 ms
::1 - GET / HTTP/1.1 304 - - 5.601 ms
::1 - GET / HTTP/1.1 304 - - 0.805 ms
::1 - GET / HTTP/1.1 200 2 - 3.446 ms
::1 - GET /favicon.ico HTTP/1.1 404 150 - 1.210 ms
::ffff:127.0.0.1 - POST / HTTP/1.1 200 2 - 9.001 ms
::ffff:127.0.0.1 - POST / HTTP/1.1 200 14 - 7.901 ms
::1 - GET / HTTP/1.1 304 - - 0.535 ms
::1 - GET / HTTP/1.1 - - - - ms
::1 - GET / HTTP/1.1 - - - - ms
::1 - GET / HTTP/1.1 - - - - ms
::1 - GET / HTTP/1.1 - - - - ms
::1 - GET / HTTP/1.1 - - - - ms
::1 - GET / HTTP/1.1 - - - - ms
::1 - GET / HTTP/1.1 - - - - ms
::1 - GET / HTTP/1.1 304 - - 5.194 ms
::1 - GET /favicon.ico HTTP/1.1 404 150 - 1.022 ms
::1 - GET / HTTP/1.1 304 - - 11.460 ms
::1 - GET / HTTP/1.1 - - - - ms
::1 - GET / HTTP/1.1 - - - - ms
::1 - GET / HTTP/1.1 304 - - 6.436 ms
::1 - GET / HTTP/1.1 - - - - ms
::1 - GET / HTTP/1.1 - - - - ms
::1 - GET / HTTP/1.1 - - - - ms
::1 - GET / HTTP/1.1 - - - - ms
::1 - GET / HTTP/1.1 - - - - ms
::1 - GET / HTTP/1.1 - - - - ms
::1 - GET / HTTP/1.1 - - - - ms
::1 - GET / HTTP/1.1 - - - - ms
::1 - GET / HTTP/1.1 - - - - ms
::1 - GET / HTTP/1.1 - - - - ms
::1 - GET / HTTP/1.1 - - - - ms
::1 - GET / HTTP/1.1 - - - - ms
::1 - GET / HTTP/1.1 - - - - ms
::1 - GET / HTTP/1.1 200 2 - 28.186 ms
::1 - GET /favicon.ico HTTP/1.1 404 150 - 1.138 ms
::1 - GET / HTTP/1.1 304 - - 23.206 ms
::1 - GET / HTTP/1.1 304 - - 1.445 ms
::1 - GET / HTTP/1.1 304 - - 11.148 ms
::1 - GET / HTTP/1.1 304 - - 60.538 ms
::1 - GET / HTTP/1.1 304 - - 1.759 ms
::1 - GET / HTTP/1.1 304 - - 15.746 ms
